2023-05-15T21:12:32+00:00 dhcp-vl2041-43603.eduroam.cornell.edu#02 I: Start test suites:1:basic space 2.
2023-05-15T21:12:32+00:00 dhcp-vl2041-43603.eduroam.cornell.edu#02 I: Test suites:1:basic space 2 is successful.
2023-05-15T21:12:32+00:00 dhcp-vl2041-43603.eduroam.cornell.edu#02 I: End test suites:1:basic space 2.
2023-05-15T21:12:32+00:00 dhcp-vl2041-43603.eduroam.cornell.edu#02 I: Start test suites:4:1000x1000 grid.
2023-05-15T21:12:32+00:00 dhcp-vl2041-43603.eduroam.cornell.edu#02 I: Test suites:4:1000x1000 grid is successful.
2023-05-15T21:12:32+00:00 dhcp-vl2041-43603.eduroam.cornell.edu#02 I: End test suites:4:1000x1000 grid.
2023-05-15T21:12:32+00:00 dhcp-vl2041-43603.eduroam.cornell.edu#02 I: Start test suites:6:0 room.
2023-05-15T21:12:32+00:00 dhcp-vl2041-43603.eduroam.cornell.edu#02 I: Test suites:6:0 room is successful.
2023-05-15T21:12:32+00:00 dhcp-vl2041-43603.eduroam.cornell.edu#02 I: End test suites:6:0 room.
2023-05-15T21:12:32+00:00 dhcp-vl2041-43603.eduroam.cornell.edu#02 I: Start test suites:8:7 rooms.
2023-05-15T21:12:32+00:00 dhcp-vl2041-43603.eduroam.cornell.edu#02 I: Test suites:8:7 rooms is successful.
2023-05-15T21:12:32+00:00 dhcp-vl2041-43603.eduroam.cornell.edu#02 I: End test suites:8:7 rooms.
2023-05-15T21:12:32+00:00 dhcp-vl2041-43603.eduroam.cornell.edu#02 I: Start test suites:9:basic - divide into 2 rooms.
2023-05-15T21:12:32+00:00 dhcp-vl2041-43603.eduroam.cornell.edu#02 I: Test suites:9:basic - divide into 2 rooms is successful.
2023-05-15T21:12:32+00:00 dhcp-vl2041-43603.eduroam.cornell.edu#02 I: End test suites:9:basic - divide into 2 rooms.
2023-05-15T21:12:32+00:00 dhcp-vl2041-43603.eduroam.cornell.edu#02 I: Start test suites:12:basic - divide into 2 rooms.
2023-05-15T21:12:32+00:00 dhcp-vl2041-43603.eduroam.cornell.edu#02 I: Test suites:12:basic - divide into 2 rooms is successful.
2023-05-15T21:12:32+00:00 dhcp-vl2041-43603.eduroam.cornell.edu#02 I: End test suites:12:basic - divide into 2 rooms.
2023-05-15T21:12:32+00:00 dhcp-vl2041-43603.eduroam.cornell.edu#02 I: Start test suites:13:size test last - divide 2 rooms in 400 x 400.
2023-05-15T21:12:32+00:00 dhcp-vl2041-43603.eduroam.cornell.edu#02 I: Test suites:13:size test last - divide 2 rooms in 400 x 400 is successful.
2023-05-15T21:12:32+00:00 dhcp-vl2041-43603.eduroam.cornell.edu#02 I: End test suites:13:size test last - divide 2 rooms in 400 x 400.
2023-05-15T21:12:32+00:00 dhcp-vl2041-43603.eduroam.cornell.edu#02 I: Start test suites:16:size test nonlast - divide 7 rooms in 400 x 400.
2023-05-15T21:12:32+00:00 dhcp-vl2041-43603.eduroam.cornell.edu#02 I: Test suites:16:size test nonlast - divide 7 rooms in 400 x 400 is successful.
2023-05-15T21:12:32+00:00 dhcp-vl2041-43603.eduroam.cornell.edu#02 I: End test suites:16:size test nonlast - divide 7 rooms in 400 x 400.
2023-05-15T21:12:32+00:00 dhcp-vl2041-43603.eduroam.cornell.edu#02 I: Start test suites:17:size test nonlast - divide 6 rooms in 1000 x 1000.
2023-05-15T21:12:32+00:00 dhcp-vl2041-43603.eduroam.cornell.edu#02 I: Test suites:17:size test nonlast - divide 6 rooms in 1000 x 1000 is successful.
2023-05-15T21:12:32+00:00 dhcp-vl2041-43603.eduroam.cornell.edu#02 I: End test suites:17:size test nonlast - divide 6 rooms in 1000 x 1000.
2023-05-15T21:12:32+00:00 dhcp-vl2041-43603.eduroam.cornell.edu#02 I: Start test suites:20:size test nonlast - divide 4 rooms in 500 x 400.
2023-05-15T21:12:32+00:00 dhcp-vl2041-43603.eduroam.cornell.edu#02 I: Test suites:20:size test nonlast - divide 4 rooms in 500 x 400 is successful.
2023-05-15T21:12:32+00:00 dhcp-vl2041-43603.eduroam.cornell.edu#02 I: End test suites:20:size test nonlast - divide 4 rooms in 500 x 400.
2023-05-15T21:12:32+00:00 dhcp-vl2041-43603.eduroam.cornell.edu#02 I: Start test suites:22:size test nonlast - divide 2 rooms in 900 x 400.
2023-05-15T21:12:32+00:00 dhcp-vl2041-43603.eduroam.cornell.edu#02 I: Test suites:22:size test nonlast - divide 2 rooms in 900 x 400 is successful.
2023-05-15T21:12:32+00:00 dhcp-vl2041-43603.eduroam.cornell.edu#02 I: End test suites:22:size test nonlast - divide 2 rooms in 900 x 400.
2023-05-15T21:12:32+00:00 dhcp-vl2041-43603.eduroam.cornell.edu#02 I: Start test suites:23:size test nonlast - divide 6 rooms in 600 x 700.
2023-05-15T21:12:32+00:00 dhcp-vl2041-43603.eduroam.cornell.edu#02 I: Test suites:23:size test nonlast - divide 6 rooms in 600 x 700 is successful.
2023-05-15T21:12:32+00:00 dhcp-vl2041-43603.eduroam.cornell.edu#02 I: End test suites:23:size test nonlast - divide 6 rooms in 600 x 700.
2023-05-15T21:12:32+00:00 dhcp-vl2041-43603.eduroam.cornell.edu#02 I: Start test suites:26:test divide 5 rooms coordinate properties 600x600.
2023-05-15T21:12:32+00:00 dhcp-vl2041-43603.eduroam.cornell.edu#02 I: Test suites:26:test divide 5 rooms coordinate properties 600x600 is successful.
2023-05-15T21:12:32+00:00 dhcp-vl2041-43603.eduroam.cornell.edu#02 I: End test suites:26:test divide 5 rooms coordinate properties 600x600.
2023-05-15T21:12:32+00:00 dhcp-vl2041-43603.eduroam.cornell.edu#02 I: Start test suites:27:test divide 7 rooms coordinate properties 400x400.
2023-05-15T21:12:32+00:00 dhcp-vl2041-43603.eduroam.cornell.edu#02 I: Test suites:27:test divide 7 rooms coordinate properties 400x400 is successful.
2023-05-15T21:12:32+00:00 dhcp-vl2041-43603.eduroam.cornell.edu#02 I: End test suites:27:test divide 7 rooms coordinate properties 400x400.
2023-05-15T21:12:32+00:00 dhcp-vl2041-43603.eduroam.cornell.edu#02 I: Start test suites:30:test divide 6 rooms coordinate properties 900x600.
2023-05-15T21:12:32+00:00 dhcp-vl2041-43603.eduroam.cornell.edu#02 I: Test suites:30:test divide 6 rooms coordinate properties 900x600 is successful.
2023-05-15T21:12:32+00:00 dhcp-vl2041-43603.eduroam.cornell.edu#02 I: End test suites:30:test divide 6 rooms coordinate properties 900x600.
2023-05-15T21:12:32+00:00 dhcp-vl2041-43603.eduroam.cornell.edu#02 I: Start test suites:31:test divide 5 rooms coordinate properties 600x400.
2023-05-15T21:12:32+00:00 dhcp-vl2041-43603.eduroam.cornell.edu#02 I: Test suites:31:test divide 5 rooms coordinate properties 600x400 is successful.
2023-05-15T21:12:32+00:00 dhcp-vl2041-43603.eduroam.cornell.edu#02 I: End test suites:31:test divide 5 rooms coordinate properties 600x400.
2023-05-15T21:12:32+00:00 dhcp-vl2041-43603.eduroam.cornell.edu#02 I: Start test suites:34:test divide 3 rooms coordinate properties 700x800.
2023-05-15T21:12:32+00:00 dhcp-vl2041-43603.eduroam.cornell.edu#02 I: Test suites:34:test divide 3 rooms coordinate properties 700x800 is successful.
2023-05-15T21:12:32+00:00 dhcp-vl2041-43603.eduroam.cornell.edu#02 I: End test suites:34:test divide 3 rooms coordinate properties 700x800.
2023-05-15T21:12:32+00:00 dhcp-vl2041-43603.eduroam.cornell.edu#02 I: Start test suites:35:test divide 6 rooms coordinate properties 800x1000.
2023-05-15T21:12:32+00:00 dhcp-vl2041-43603.eduroam.cornell.edu#02 I: Test suites:35:test divide 6 rooms coordinate properties 800x1000 is successful.
2023-05-15T21:12:32+00:00 dhcp-vl2041-43603.eduroam.cornell.edu#02 I: End test suites:35:test divide 6 rooms coordinate properties 800x1000.
2023-05-15T21:12:32+00:00 dhcp-vl2041-43603.eduroam.cornell.edu#02 I: Start test suites:36:label test divide 2 rooms coordinate properties 800x1000.
2023-05-15T21:12:32+00:00 dhcp-vl2041-43603.eduroam.cornell.edu#02 I: Test suites:36:label test divide 2 rooms coordinate properties 800x1000 is successful.
2023-05-15T21:12:32+00:00 dhcp-vl2041-43603.eduroam.cornell.edu#02 I: End test suites:36:label test divide 2 rooms coordinate properties 800x1000.
