2023-05-15T21:12:32+00:00 dhcp-vl2041-43603.eduroam.cornell.edu#01 I: Start test suites:0:basic space 1.
2023-05-15T21:12:32+00:00 dhcp-vl2041-43603.eduroam.cornell.edu#01 I: Test suites:0:basic space 1 is successful.
2023-05-15T21:12:32+00:00 dhcp-vl2041-43603.eduroam.cornell.edu#01 I: End test suites:0:basic space 1.
2023-05-15T21:12:32+00:00 dhcp-vl2041-43603.eduroam.cornell.edu#01 I: Start test suites:2:400x400 grid.
2023-05-15T21:12:32+00:00 dhcp-vl2041-43603.eduroam.cornell.edu#01 I: Test suites:2:400x400 grid is successful.
2023-05-15T21:12:32+00:00 dhcp-vl2041-43603.eduroam.cornell.edu#01 I: End test suites:2:400x400 grid.
2023-05-15T21:12:32+00:00 dhcp-vl2041-43603.eduroam.cornell.edu#01 I: Start test suites:3:600x900 grid.
2023-05-15T21:12:32+00:00 dhcp-vl2041-43603.eduroam.cornell.edu#01 I: Test suites:3:600x900 grid is successful.
2023-05-15T21:12:32+00:00 dhcp-vl2041-43603.eduroam.cornell.edu#01 I: End test suites:3:600x900 grid.
2023-05-15T21:12:32+00:00 dhcp-vl2041-43603.eduroam.cornell.edu#01 I: Start test suites:5:500x400 grid.
2023-05-15T21:12:32+00:00 dhcp-vl2041-43603.eduroam.cornell.edu#01 I: Test suites:5:500x400 grid is successful.
2023-05-15T21:12:32+00:00 dhcp-vl2041-43603.eduroam.cornell.edu#01 I: End test suites:5:500x400 grid.
2023-05-15T21:12:32+00:00 dhcp-vl2041-43603.eduroam.cornell.edu#01 I: Start test suites:7:3 rooms.
2023-05-15T21:12:32+00:00 dhcp-vl2041-43603.eduroam.cornell.edu#01 I: Test suites:7:3 rooms is successful.
2023-05-15T21:12:32+00:00 dhcp-vl2041-43603.eduroam.cornell.edu#01 I: End test suites:7:3 rooms.
2023-05-15T21:12:32+00:00 dhcp-vl2041-43603.eduroam.cornell.edu#01 I: Start test suites:10:basic - divide into 2 rooms.
2023-05-15T21:12:32+00:00 dhcp-vl2041-43603.eduroam.cornell.edu#01 I: Test suites:10:basic - divide into 2 rooms is successful.
2023-05-15T21:12:32+00:00 dhcp-vl2041-43603.eduroam.cornell.edu#01 I: End test suites:10:basic - divide into 2 rooms.
2023-05-15T21:12:32+00:00 dhcp-vl2041-43603.eduroam.cornell.edu#01 I: Start test suites:11:basic - divide into 2 rooms.
2023-05-15T21:12:32+00:00 dhcp-vl2041-43603.eduroam.cornell.edu#01 I: Test suites:11:basic - divide into 2 rooms is successful.
2023-05-15T21:12:32+00:00 dhcp-vl2041-43603.eduroam.cornell.edu#01 I: End test suites:11:basic - divide into 2 rooms.
2023-05-15T21:12:32+00:00 dhcp-vl2041-43603.eduroam.cornell.edu#01 I: Start test suites:14:size test last - divide 7 rooms in 400 x 400.
2023-05-15T21:12:32+00:00 dhcp-vl2041-43603.eduroam.cornell.edu#01 I: Test suites:14:size test last - divide 7 rooms in 400 x 400 is successful.
2023-05-15T21:12:32+00:00 dhcp-vl2041-43603.eduroam.cornell.edu#01 I: End test suites:14:size test last - divide 7 rooms in 400 x 400.
2023-05-15T21:12:32+00:00 dhcp-vl2041-43603.eduroam.cornell.edu#01 I: Start test suites:15:size test last - divide 7 rooms in 800 x 1000.
2023-05-15T21:12:32+00:00 dhcp-vl2041-43603.eduroam.cornell.edu#01 I: Test suites:15:size test last - divide 7 rooms in 800 x 1000 is successful.
2023-05-15T21:12:32+00:00 dhcp-vl2041-43603.eduroam.cornell.edu#01 I: End test suites:15:size test last - divide 7 rooms in 800 x 1000.
2023-05-15T21:12:32+00:00 dhcp-vl2041-43603.eduroam.cornell.edu#01 I: Start test suites:18:size test nonlast - divide 3 rooms in 900 x 500.
2023-05-15T21:12:32+00:00 dhcp-vl2041-43603.eduroam.cornell.edu#01 I: Test suites:18:size test nonlast - divide 3 rooms in 900 x 500 is successful.
2023-05-15T21:12:32+00:00 dhcp-vl2041-43603.eduroam.cornell.edu#01 I: End test suites:18:size test nonlast - divide 3 rooms in 900 x 500.
2023-05-15T21:12:32+00:00 dhcp-vl2041-43603.eduroam.cornell.edu#01 I: Start test suites:19:size test nonlast - divide 1 rooms in 1000 x 400.
2023-05-15T21:12:32+00:00 dhcp-vl2041-43603.eduroam.cornell.edu#01 I: Test suites:19:size test nonlast - divide 1 rooms in 1000 x 400 is successful.
2023-05-15T21:12:32+00:00 dhcp-vl2041-43603.eduroam.cornell.edu#01 I: End test suites:19:size test nonlast - divide 1 rooms in 1000 x 400.
2023-05-15T21:12:32+00:00 dhcp-vl2041-43603.eduroam.cornell.edu#01 I: Start test suites:21:size test nonlast - divide 5 rooms in 400 x 800.
2023-05-15T21:12:32+00:00 dhcp-vl2041-43603.eduroam.cornell.edu#01 I: Test suites:21:size test nonlast - divide 5 rooms in 400 x 800 is successful.
2023-05-15T21:12:32+00:00 dhcp-vl2041-43603.eduroam.cornell.edu#01 I: End test suites:21:size test nonlast - divide 5 rooms in 400 x 800.
2023-05-15T21:12:32+00:00 dhcp-vl2041-43603.eduroam.cornell.edu#01 I: Start test suites:24:size test nonlast - divide 3 rooms in 900 x 900.
2023-05-15T21:12:32+00:00 dhcp-vl2041-43603.eduroam.cornell.edu#01 I: Test suites:24:size test nonlast - divide 3 rooms in 900 x 900 is successful.
2023-05-15T21:12:32+00:00 dhcp-vl2041-43603.eduroam.cornell.edu#01 I: End test suites:24:size test nonlast - divide 3 rooms in 900 x 900.
2023-05-15T21:12:32+00:00 dhcp-vl2041-43603.eduroam.cornell.edu#01 I: Start test suites:25:size test nonlast - divide 5 rooms in 600 x 600.
2023-05-15T21:12:32+00:00 dhcp-vl2041-43603.eduroam.cornell.edu#01 I: Test suites:25:size test nonlast - divide 5 rooms in 600 x 600 is successful.
2023-05-15T21:12:32+00:00 dhcp-vl2041-43603.eduroam.cornell.edu#01 I: End test suites:25:size test nonlast - divide 5 rooms in 600 x 600.
2023-05-15T21:12:32+00:00 dhcp-vl2041-43603.eduroam.cornell.edu#01 I: Start test suites:28:test divide 3 rooms coordinate properties 400x400.
2023-05-15T21:12:32+00:00 dhcp-vl2041-43603.eduroam.cornell.edu#01 I: Test suites:28:test divide 3 rooms coordinate properties 400x400 is successful.
2023-05-15T21:12:32+00:00 dhcp-vl2041-43603.eduroam.cornell.edu#01 I: End test suites:28:test divide 3 rooms coordinate properties 400x400.
2023-05-15T21:12:32+00:00 dhcp-vl2041-43603.eduroam.cornell.edu#01 I: Start test suites:29:test divide 4 rooms coordinate properties 1000x400.
2023-05-15T21:12:32+00:00 dhcp-vl2041-43603.eduroam.cornell.edu#01 I: Test suites:29:test divide 4 rooms coordinate properties 1000x400 is successful.
2023-05-15T21:12:32+00:00 dhcp-vl2041-43603.eduroam.cornell.edu#01 I: End test suites:29:test divide 4 rooms coordinate properties 1000x400.
2023-05-15T21:12:32+00:00 dhcp-vl2041-43603.eduroam.cornell.edu#01 I: Start test suites:32:test divide 2 rooms coordinate properties 900x500.
2023-05-15T21:12:32+00:00 dhcp-vl2041-43603.eduroam.cornell.edu#01 I: Test suites:32:test divide 2 rooms coordinate properties 900x500 is successful.
2023-05-15T21:12:32+00:00 dhcp-vl2041-43603.eduroam.cornell.edu#01 I: End test suites:32:test divide 2 rooms coordinate properties 900x500.
2023-05-15T21:12:32+00:00 dhcp-vl2041-43603.eduroam.cornell.edu#01 I: Start test suites:33:test divide 1 rooms coordinate properties 500x400.
2023-05-15T21:12:32+00:00 dhcp-vl2041-43603.eduroam.cornell.edu#01 I: Test suites:33:test divide 1 rooms coordinate properties 500x400 is successful.
2023-05-15T21:12:32+00:00 dhcp-vl2041-43603.eduroam.cornell.edu#01 I: End test suites:33:test divide 1 rooms coordinate properties 500x400.
